C:\Program Files (x86)\Microsoft Visual Studio\2017\Community\Common7\IDE\VC\VCTargets\Microsoft.CppBuild.targets(387,5): warning MSB8028: The intermediate directory (Release\) contains files shared from another project (OGLProject.vcxproj).  This can lead to incorrect clean and rebuild behavior.
  Mesh.cpp
c:\users\adam\desktop\bachelorproject\oglproject\config.hpp(216): warning C4244: '=': conversion from 'int' to 'float', possible loss of data
c:\users\adam\desktop\bachelorproject\oglproject\config.hpp(217): warning C4244: '=': conversion from 'int' to 'float', possible loss of data
c:\users\adam\desktop\bachelorproject\oglproject\config.hpp(218): warning C4244: '=': conversion from 'int' to 'float', possible loss of data
c:\users\adam\desktop\bachelorproject\oglproject\wall.hpp(22): warning C4244: '=': conversion from 'float' to 'int', possible loss of data
c:\users\adam\desktop\bachelorproject\oglproject\wall.hpp(23): warning C4244: '=': conversion from 'float' to 'int', possible loss of data
c:\users\adam\desktop\bachelorproject\oglproject\boids.hpp(26): warning C4244: 'initializing': conversion from 'double' to 'int', possible loss of data
c:\users\adam\desktop\bachelorproject\oglproject\mesh.cpp(101): warning C4244: 'initializing': conversion from 'double' to 'float', possible loss of data
c:\users\adam\desktop\bachelorproject\oglproject\mesh.cpp(102): warning C4244: 'initializing': conversion from 'double' to 'float', possible loss of data
c:\users\adam\desktop\bachelorproject\oglproject\mesh.cpp(158): warning C4244: 'argument': conversion from 'int' to 'float', possible loss of data
c:\users\adam\desktop\bachelorproject\oglproject\mesh.cpp(171): warning C4244: 'argument': conversion from 'int' to 'float', possible loss of data
c:\users\adam\desktop\bachelorproject\oglproject\mesh.cpp(252): warning C4305: 'argument': truncation from 'double' to 'float'
LINK : warning LNK4075: ignoring '/INCREMENTAL' due to '/OPT:ICF' specification
Boids.obj : warning LNK4075: ignoring '/EDITANDCONTINUE' due to '/OPT:ICF' specification
LINK : warning LNK4098: defaultlib 'MSVCRTD' conflicts with use of other libs; use /NODEFAULTLIB:library
SOIL.lib(stb_image_aug.obj) : warning LNK4099: PDB 'SOIL.pdb' was not found with 'SOIL.lib(stb_image_aug.obj)' or at 'C:\Users\adam\Desktop\BachelorProject\Release\SOIL.pdb'; linking object as if no debug info
  OGLProject.vcxproj -> C:\Users\adam\Desktop\BachelorProject\Release\Bachelor.exe
  File not found - Win32.dll
  0 File(s) copied
  C:\Users\adam\Desktop\BachelorProject\packages\DevIL Windows SDK\lib\x86\Release\DevIL.dll
  1 File(s) copied
  C:\Users\adam\Desktop\BachelorProject\packages\DevIL Windows SDK\lib\x86\Release\ILU.dll
  1 File(s) copied
  C:\Users\adam\Desktop\BachelorProject\packages\DevIL Windows SDK\lib\x86\Release\ILUT.dll
  1 File(s) copied
  C:\Users\adam\Desktop\BachelorProject\packages\glew-2.1.0\bin\Release\Win32\glew32.dll
  1 File(s) copied
  C:\Users\adam\Desktop\BachelorProject\packages\glfw-3.2.1.bin.WIN32\lib-vc2015\glfw3.dll
  1 File(s) copied
  C:\Users\adam\Desktop\BachelorProject\packages\glfw-3.2.1.bin.WIN32\lib-vc2015\glfw3.dll
  1 File(s) copied
  C:\Users\adam\Desktop\BachelorProject\packages\AntTweakBar\lib\AntTweakBar.dll
  1 File(s) copied
  C:\Users\adam\Desktop\BachelorProject\OGLProject\Models\cottage\test.mtl
  C:\Users\adam\Desktop\BachelorProject\OGLProject\Models\cottage\test.png
  C:\Users\adam\Desktop\BachelorProject\OGLProject\Models\cottage\test2.png
  C:\Users\adam\Desktop\BachelorProject\OGLProject\Models\cube\cube.mtl
  C:\Users\adam\Desktop\BachelorProject\OGLProject\Models\cube\cube.obj
  C:\Users\adam\Desktop\BachelorProject\OGLProject\Models\cube\surface - Copy.jpg
  C:\Users\adam\Desktop\BachelorProject\OGLProject\Models\cube\surface.jpg
  C:\Users\adam\Desktop\BachelorProject\OGLProject\Models\cube\untitled.blend
  C:\Users\adam\Desktop\BachelorProject\OGLProject\Models\cube\untitled.blend1
  C:\Users\adam\Desktop\BachelorProject\OGLProject\Models\cube_predator\cube.mtl
  C:\Users\adam\Desktop\BachelorProject\OGLProject\Models\cube_predator\cube.obj
  C:\Users\adam\Desktop\BachelorProject\OGLProject\Models\cube_predator\surface - Copy.jpg
  C:\Users\adam\Desktop\BachelorProject\OGLProject\Models\cube_predator\surface.jpg
  C:\Users\adam\Desktop\BachelorProject\OGLProject\Models\cube_predator\untitled.blend
  C:\Users\adam\Desktop\BachelorProject\OGLProject\Models\cube_predator\untitled.blend1
  C:\Users\adam\Desktop\BachelorProject\OGLProject\Models\eagle\Eagle.blend
  C:\Users\adam\Desktop\BachelorProject\OGLProject\Models\eagle\Eagle.fbx
  C:\Users\adam\Desktop\BachelorProject\OGLProject\Models\eagle\Fogel_Mat Diffuse Color.png
  C:\Users\adam\Desktop\BachelorProject\OGLProject\Models\eagle\old\eagle.blend
  C:\Users\adam\Desktop\BachelorProject\OGLProject\Models\eagle\old\eagle.blend1
  C:\Users\adam\Desktop\BachelorProject\OGLProject\Models\eagle\old\Eagle.FBX
  C:\Users\adam\Desktop\BachelorProject\OGLProject\Models\eagle\old\Eagle.mtl
  C:\Users\adam\Desktop\BachelorProject\OGLProject\Models\eagle\old\Eagle.obj
  C:\Users\adam\Desktop\BachelorProject\OGLProject\Models\eagle\old\Eagle_D.jpg
  C:\Users\adam\Desktop\BachelorProject\OGLProject\Models\eagle\old\Eagle_D.TGA
  C:\Users\adam\Desktop\BachelorProject\OGLProject\Models\fish\koi.FBX
  C:\Users\adam\Desktop\BachelorProject\OGLProject\Models\fish\koi.obj
  C:\Users\adam\Desktop\BachelorProject\OGLProject\Models\fish\koi_red.jpg
  C:\Users\adam\Desktop\BachelorProject\OGLProject\Models\fish\koi_white.jpg
  C:\Users\adam\Desktop\BachelorProject\OGLProject\Models\human\cilveks2.fbx
  C:\Users\adam\Desktop\BachelorProject\OGLProject\Models\human\CILVEKS2.jpg
  C:\Users\adam\Desktop\BachelorProject\OGLProject\Models\human\cilveks2.obj
  C:\Users\adam\Desktop\BachelorProject\OGLProject\Models\human\CILVEKS2.png
  C:\Users\adam\Desktop\BachelorProject\OGLProject\Models\human\CILVEKS2.psd
  C:\Users\adam\Desktop\BachelorProject\OGLProject\Models\human\cilveks_sarkanais.rar
  C:\Users\adam\Desktop\BachelorProject\OGLProject\Models\human\human1.blend
  C:\Users\adam\Desktop\BachelorProject\OGLProject\Models\human\human1.blend1
  C:\Users\adam\Desktop\BachelorProject\OGLProject\Models\human\human1.mtl
  C:\Users\adam\Desktop\BachelorProject\OGLProject\Models\human\human1.obj
  C:\Users\adam\Desktop\BachelorProject\OGLProject\Models\human\human2.blend
  C:\Users\adam\Desktop\BachelorProject\OGLProject\Models\human\human2.blend1
  C:\Users\adam\Desktop\BachelorProject\OGLProject\Models\human\human2.fbx
  C:\Users\adam\Desktop\BachelorProject\OGLProject\Models\human\zombie.fbx
  C:\Users\adam\Desktop\BachelorProject\OGLProject\Models\human\zombie.obj
  C:\Users\adam\Desktop\BachelorProject\OGLProject\Models\human\zombie.png
  C:\Users\adam\Desktop\BachelorProject\OGLProject\Models\landscape\grass.jpg
  C:\Users\adam\Desktop\BachelorProject\OGLProject\Models\landscape\landscape.blend
  C:\Users\adam\Desktop\BachelorProject\OGLProject\Models\landscape\landscape.mtl
  C:\Users\adam\Desktop\BachelorProject\OGLProject\Models\landscape\landscape.obj
  C:\Users\adam\Desktop\BachelorProject\OGLProject\Models\landscape\surface.mtl
  C:\Users\adam\Desktop\BachelorProject\OGLProject\Models\landscape\surface.obj
  C:\Users\adam\Desktop\BachelorProject\OGLProject\Models\landscape\untitled.blend
  C:\Users\adam\Desktop\BachelorProject\OGLProject\Models\landscape\untitled.blend1
  C:\Users\adam\Desktop\BachelorProject\OGLProject\Models\landscape\untitled.mtl
  C:\Users\adam\Desktop\BachelorProject\OGLProject\Models\sky\fulldome3.jpg
  C:\Users\adam\Desktop\BachelorProject\OGLProject\Models\sky\skybox.obj
  C:\Users\adam\Desktop\BachelorProject\OGLProject\Models\sky\skydome.blend
  C:\Users\adam\Desktop\BachelorProject\OGLProject\Models\sky\skydome.obj
  C:\Users\adam\Desktop\BachelorProject\OGLProject\Models\sky\skydome.png
  C:\Users\adam\Desktop\BachelorProject\OGLProject\Models\sky\skydome_.blend
  C:\Users\adam\Desktop\BachelorProject\OGLProject\Models\sky\skydome_.blend1
  C:\Users\adam\Desktop\BachelorProject\OGLProject\Models\sky\skydome_.fbx
  C:\Users\adam\Desktop\BachelorProject\OGLProject\Models\sky\skydome_.mtl
  C:\Users\adam\Desktop\BachelorProject\OGLProject\Models\sky\skydome_.obj
  C:\Users\adam\Desktop\BachelorProject\OGLProject\Models\sky\cubemap\bk.png
  C:\Users\adam\Desktop\BachelorProject\OGLProject\Models\sky\cubemap\dn.png
  C:\Users\adam\Desktop\BachelorProject\OGLProject\Models\sky\cubemap\ft.png
  C:\Users\adam\Desktop\BachelorProject\OGLProject\Models\sky\cubemap\lt.png
  C:\Users\adam\Desktop\BachelorProject\OGLProject\Models\sky\cubemap\negx.jpg
  C:\Users\adam\Desktop\BachelorProject\OGLProject\Models\sky\cubemap\negy.jpg
  C:\Users\adam\Desktop\BachelorProject\OGLProject\Models\sky\cubemap\negz.jpg
  C:\Users\adam\Desktop\BachelorProject\OGLProject\Models\sky\cubemap\posx.jpg
  C:\Users\adam\Desktop\BachelorProject\OGLProject\Models\sky\cubemap\posy.jpg
  C:\Users\adam\Desktop\BachelorProject\OGLProject\Models\sky\cubemap\posz.jpg
  C:\Users\adam\Desktop\BachelorProject\OGLProject\Models\sky\cubemap\rt.png
  C:\Users\adam\Desktop\BachelorProject\OGLProject\Models\sky\cubemap\sky1.jpg
  C:\Users\adam\Desktop\BachelorProject\OGLProject\Models\sky\cubemap\sky2.jpg
  C:\Users\adam\Desktop\BachelorProject\OGLProject\Models\sky\cubemap\SkyBox.bmp
  C:\Users\adam\Desktop\BachelorProject\OGLProject\Models\sky\cubemap\skybox.mtl
  C:\Users\adam\Desktop\BachelorProject\OGLProject\Models\sky\cubemap\skybox.obj
  C:\Users\adam\Desktop\BachelorProject\OGLProject\Models\sky\cubemap\skybox2.mtl
  C:\Users\adam\Desktop\BachelorProject\OGLProject\Models\sky\cubemap\skybox2.obj
  C:\Users\adam\Desktop\BachelorProject\OGLProject\Models\sky\cubemap\space1.png
  C:\Users\adam\Desktop\BachelorProject\OGLProject\Models\sky\cubemap\up.png
  C:\Users\adam\Desktop\BachelorProject\OGLProject\Models\sky\sky\fulldome.jpg
  C:\Users\adam\Desktop\BachelorProject\OGLProject\Models\sky\sky\fulldome2.png
  C:\Users\adam\Desktop\BachelorProject\OGLProject\Models\sky\sky\fulldome3.png
  C:\Users\adam\Desktop\BachelorProject\OGLProject\Models\sky\sky\skybox.obj
  C:\Users\adam\Desktop\BachelorProject\OGLProject\Models\sky\sky\skydome.blend
  C:\Users\adam\Desktop\BachelorProject\OGLProject\Models\sky\sky\skydome.blend1
  C:\Users\adam\Desktop\BachelorProject\OGLProject\Models\sky\sky\skydome.fbx
  C:\Users\adam\Desktop\BachelorProject\OGLProject\Models\sky\sky\skydome.mtl
  C:\Users\adam\Desktop\BachelorProject\OGLProject\Models\sky\sky\skydome.obj
  C:\Users\adam\Desktop\BachelorProject\OGLProject\Models\sky\sky\skydome.png
  C:\Users\adam\Desktop\BachelorProject\OGLProject\Models\sky\sky\surface.jpg
  C:\Users\adam\Desktop\BachelorProject\OGLProject\Models\sky\sky\cubemap\negx.jpg
  C:\Users\adam\Desktop\BachelorProject\OGLProject\Models\sky\sky\cubemap\negy.jpg
  C:\Users\adam\Desktop\BachelorProject\OGLProject\Models\sky\sky\cubemap\negz.jpg
  C:\Users\adam\Desktop\BachelorProject\OGLProject\Models\sky\sky\cubemap\posx.jpg
  C:\Users\adam\Desktop\BachelorProject\OGLProject\Models\sky\sky\cubemap\posy.jpg
  C:\Users\adam\Desktop\BachelorProject\OGLProject\Models\sky\sky\cubemap\posz.jpg
  C:\Users\adam\Desktop\BachelorProject\OGLProject\Models\surface\grass - Copy.jpg
  C:\Users\adam\Desktop\BachelorProject\OGLProject\Models\surface\grass.jpg
  C:\Users\adam\Desktop\BachelorProject\OGLProject\Models\surface\surface.mtl
  C:\Users\adam\Desktop\BachelorProject\OGLProject\Models\surface\surface.obj
  C:\Users\adam\Desktop\BachelorProject\OGLProject\Models\surface\untitled.blend
  C:\Users\adam\Desktop\BachelorProject\OGLProject\Models\surface\untitled.blend1
  C:\Users\adam\Desktop\BachelorProject\OGLProject\Models\surface\untitled.mtl
  C:\Users\adam\Desktop\BachelorProject\OGLProject\Models\wall\OBJ.rar
  C:\Users\adam\Desktop\BachelorProject\OGLProject\Models\wall\wall - Copy.jpg
  C:\Users\adam\Desktop\BachelorProject\OGLProject\Models\wall\wall.jpg
  C:\Users\adam\Desktop\BachelorProject\OGLProject\Models\wall\wall.mtl
  C:\Users\adam\Desktop\BachelorProject\OGLProject\Models\wall\wall.obj
  113 File(s) copied
  C:\Users\adam\Desktop\BachelorProject\OGLProject\config.cfg
  1 File(s) copied
  C:\Users\adam\Desktop\BachelorProject\OGLProject\map.txt
  1 File(s) copied
  C:\Users\adam\Desktop\BachelorProject\OGLProject\FragmentShader.shader
  1 File(s) copied
  C:\Users\adam\Desktop\BachelorProject\OGLProject\VertexShader.shader
  1 File(s) copied
