  Texture.cpp
  Shader.cpp
  main.cpp
  Controls.cpp
  Generování kódu...
LINK : warning LNK4098: V²chozφ knihovna MSVCRT je v konfliktu s pou₧itφm jin²ch knihoven. Pou₧ijte /NODEFAULTLIB:library.
main.obj : error LNK2019: Nerozpoznan² externφ symbol __imp_glewInit odkazovan² ve funkci main
Shader.obj : error LNK2001: Nerozpoznan² externφ symbol __imp___glewAttachShader
Shader.obj : error LNK2001: Nerozpoznan² externφ symbol __imp___glewCompileShader
Shader.obj : error LNK2001: Nerozpoznan² externφ symbol __imp___glewCreateProgram
Shader.obj : error LNK2001: Nerozpoznan² externφ symbol __imp___glewCreateShader
Shader.obj : error LNK2001: Nerozpoznan² externφ symbol __imp___glewDeleteShader
Shader.obj : error LNK2001: Nerozpoznan² externφ symbol __imp___glewDetachShader
Shader.obj : error LNK2001: Nerozpoznan² externφ symbol __imp___glewGetProgramInfoLog
Shader.obj : error LNK2001: Nerozpoznan² externφ symbol __imp___glewGetProgramiv
Shader.obj : error LNK2001: Nerozpoznan² externφ symbol __imp___glewGetShaderInfoLog
Shader.obj : error LNK2001: Nerozpoznan² externφ symbol __imp___glewGetShaderiv
Shader.obj : error LNK2001: Nerozpoznan² externφ symbol __imp___glewLinkProgram
Shader.obj : error LNK2001: Nerozpoznan² externφ symbol __imp___glewShaderSource
Texture.obj : error LNK2019: Nerozpoznan² externφ symbol "public: __cdecl cv::Exception::Exception(int,class std::basic_string<char,struct std::char_traits<char>,class std::allocator<char> > const &,class std::basic_string<char,struct std::char_traits<char>,class std::allocator<char> > const &,class std::basic_string<char,struct std::char_traits<char>,class std::allocator<char> > const &,int)" (??0Exception@cv@@QEAA@HAEBV?$basic_string@DU?$char_traits@D@std@@V?$allocator@D@2@@std@@00H@Z) odkazovan² ve funkci "public: unsigned char * __cdecl cv::Mat::ptr(int)" (?ptr@Mat@cv@@QEAAPEAEH@Z)
Texture.obj : error LNK2019: Nerozpoznan² externφ symbol "public: virtual __cdecl cv::Exception::~Exception(void)" (??1Exception@cv@@UEAA@XZ) odkazovan² ve funkci "public: unsigned char * __cdecl cv::Mat::ptr(int)" (?ptr@Mat@cv@@QEAAPEAEH@Z)
Texture.obj : error LNK2019: Nerozpoznan² externφ symbol "void __cdecl cv::error(class cv::Exception const &)" (?error@cv@@YAXAEBVException@1@@Z) odkazovan² ve funkci "public: unsigned char * __cdecl cv::Mat::ptr(int)" (?ptr@Mat@cv@@QEAAPEAEH@Z)
Texture.obj : error LNK2019: Nerozpoznan² externφ symbol "void __cdecl cv::fastFree(void *)" (?fastFree@cv@@YAXPEAX@Z) odkazovan² ve funkci "public: __cdecl cv::Mat::~Mat(void)" (??1Mat@cv@@QEAA@XZ)
Texture.obj : error LNK2019: Nerozpoznan² externφ symbol "public: __cdecl cv::_InputArray::_InputArray(class cv::Mat const &)" (??0_InputArray@cv@@QEAA@AEBVMat@1@@Z) odkazovan² ve funkci "public: unsigned int __cdecl Texture::Load(class std::basic_string<char,struct std::char_traits<char>,class std::allocator<char> >)const " (?Load@Texture@@QEBAIV?$basic_string@DU?$char_traits@D@std@@V?$allocator@D@2@@std@@@Z)
Texture.obj : error LNK2019: Nerozpoznan² externφ symbol "public: __cdecl cv::_OutputArray::_OutputArray(class cv::Mat &)" (??0_OutputArray@cv@@QEAA@AEAVMat@1@@Z) odkazovan² ve funkci "public: unsigned int __cdecl Texture::Load(class std::basic_string<char,struct std::char_traits<char>,class std::allocator<char> >)const " (?Load@Texture@@QEBAIV?$basic_string@DU?$char_traits@D@std@@V?$allocator@D@2@@std@@@Z)
Texture.obj : error LNK2019: Nerozpoznan² externφ symbol "public: void __cdecl cv::Mat::deallocate(void)" (?deallocate@Mat@cv@@QEAAXXZ) odkazovan² ve funkci "public: void __cdecl cv::Mat::release(void)" (?release@Mat@cv@@QEAAXXZ)
Texture.obj : error LNK2019: Nerozpoznan² externφ symbol "void __cdecl cv::flip(class cv::_InputArray const &,class cv::_OutputArray const &,int)" (?flip@cv@@YAXAEBV_InputArray@1@AEBV_OutputArray@1@H@Z) odkazovan² ve funkci "public: unsigned int __cdecl Texture::Load(class std::basic_string<char,struct std::char_traits<char>,class std::allocator<char> >)const " (?Load@Texture@@QEBAIV?$basic_string@DU?$char_traits@D@std@@V?$allocator@D@2@@std@@@Z)
Texture.obj : error LNK2019: Nerozpoznan² externφ symbol "int __cdecl cv::_interlockedExchangeAdd(int *,int)" (?_interlockedExchangeAdd@cv@@YAHPEAHH@Z) odkazovan² ve funkci "public: void __cdecl cv::Mat::release(void)" (?release@Mat@cv@@QEAAXXZ)
Texture.obj : error LNK2019: Nerozpoznan² externφ symbol "class cv::Mat __cdecl cv::imread(class std::basic_string<char,struct std::char_traits<char>,class std::allocator<char> > const &,int)" (?imread@cv@@YA?AVMat@1@AEBV?$basic_string@DU?$char_traits@D@std@@V?$allocator@D@2@@std@@H@Z) odkazovan² ve funkci "public: unsigned int __cdecl Texture::Load(class std::basic_string<char,struct std::char_traits<char>,class std::allocator<char> >)const " (?Load@Texture@@QEBAIV?$basic_string@DU?$char_traits@D@std@@V?$allocator@D@2@@std@@@Z)
Texture.obj : error LNK2001: Nerozpoznan² externφ symbol __imp___glewGenerateMipmap
C:\Users\lasak\Desktop\OGLProject\packages\glew-2.1.0\lib\Release\Win32\glew32.lib : warning LNK4272: Typ pocφtace knihovny x86 koliduje s typem cφlovΘho pocφtace x64.
C:\Users\lasak\Desktop\OGLProject\packages\opencv2.4\build\x86\vc12\lib\opencv_calib3d2410d.lib : warning LNK4272: Typ pocφtace knihovny x86 koliduje s typem cφlovΘho pocφtace x64.
C:\Users\lasak\Desktop\OGLProject\packages\opencv2.4\build\x86\vc12\lib\opencv_contrib2410d.lib : warning LNK4272: Typ pocφtace knihovny x86 koliduje s typem cφlovΘho pocφtace x64.
C:\Users\lasak\Desktop\OGLProject\packages\opencv2.4\build\x86\vc12\lib\opencv_core2410d.lib : warning LNK4272: Typ pocφtace knihovny x86 koliduje s typem cφlovΘho pocφtace x64.
C:\Users\lasak\Desktop\OGLProject\packages\opencv2.4\build\x86\vc12\lib\opencv_features2d2410d.lib : warning LNK4272: Typ pocφtace knihovny x86 koliduje s typem cφlovΘho pocφtace x64.
C:\Users\lasak\Desktop\OGLProject\packages\opencv2.4\build\x86\vc12\lib\opencv_flann2410d.lib : warning LNK4272: Typ pocφtace knihovny x86 koliduje s typem cφlovΘho pocφtace x64.
C:\Users\lasak\Desktop\OGLProject\packages\opencv2.4\build\x86\vc12\lib\opencv_gpu2410d.lib : warning LNK4272: Typ pocφtace knihovny x86 koliduje s typem cφlovΘho pocφtace x64.
C:\Users\lasak\Desktop\OGLProject\packages\opencv2.4\build\x86\vc12\lib\opencv_highgui2410d.lib : warning LNK4272: Typ pocφtace knihovny x86 koliduje s typem cφlovΘho pocφtace x64.
C:\Users\lasak\Desktop\OGLProject\packages\opencv2.4\build\x86\vc12\lib\opencv_imgproc2410d.lib : warning LNK4272: Typ pocφtace knihovny x86 koliduje s typem cφlovΘho pocφtace x64.
C:\Users\lasak\Desktop\OGLProject\packages\opencv2.4\build\x86\vc12\lib\opencv_legacy2410d.lib : warning LNK4272: Typ pocφtace knihovny x86 koliduje s typem cφlovΘho pocφtace x64.
C:\Users\lasak\Desktop\OGLProject\packages\opencv2.4\build\x86\vc12\lib\opencv_ml2410d.lib : warning LNK4272: Typ pocφtace knihovny x86 koliduje s typem cφlovΘho pocφtace x64.
C:\Users\lasak\Desktop\OGLProject\packages\opencv2.4\build\x86\vc12\lib\opencv_nonfree2410d.lib : warning LNK4272: Typ pocφtace knihovny x86 koliduje s typem cφlovΘho pocφtace x64.
C:\Users\lasak\Desktop\OGLProject\packages\opencv2.4\build\x86\vc12\lib\opencv_objdetect2410d.lib : warning LNK4272: Typ pocφtace knihovny x86 koliduje s typem cφlovΘho pocφtace x64.
C:\Users\lasak\Desktop\OGLProject\packages\opencv2.4\build\x86\vc12\lib\opencv_photo2410d.lib : warning LNK4272: Typ pocφtace knihovny x86 koliduje s typem cφlovΘho pocφtace x64.
C:\Users\lasak\Desktop\OGLProject\packages\opencv2.4\build\x86\vc12\lib\opencv_stitching2410d.lib : warning LNK4272: Typ pocφtace knihovny x86 koliduje s typem cφlovΘho pocφtace x64.
C:\Users\lasak\Desktop\OGLProject\packages\opencv2.4\build\x86\vc12\lib\opencv_ts2410d.lib : warning LNK4272: Typ pocφtace knihovny x86 koliduje s typem cφlovΘho pocφtace x64.
C:\Users\lasak\Desktop\OGLProject\packages\opencv2.4\build\x86\vc12\lib\opencv_video2410d.lib : warning LNK4272: Typ pocφtace knihovny x86 koliduje s typem cφlovΘho pocφtace x64.
C:\Users\lasak\Desktop\OGLProject\packages\opencv2.4\build\x86\vc12\lib\opencv_videostab2410d.lib : warning LNK4272: Typ pocφtace knihovny x86 koliduje s typem cφlovΘho pocφtace x64.
C:\Users\lasak\Desktop\OGLProject\x64\Debug\OGLProject.exe : fatal error LNK1120: Pocet nerozpoznan²ch externφch typu: 24
