c:\users\lasak\desktop\oglproject\oglproject\debug\vc141.pdb
c:\users\lasak\desktop\oglproject\oglproject\debug\vc141.idb
c:\users\lasak\desktop\oglproject\oglproject\debug\camera.obj
c:\users\lasak\desktop\oglproject\oglproject\debug\scene.obj
c:\users\lasak\desktop\oglproject\oglproject\debug\config.obj
c:\users\lasak\desktop\oglproject\oglproject\debug\controls.obj
c:\users\lasak\desktop\oglproject\oglproject\debug\loader.obj
c:\users\lasak\desktop\oglproject\oglproject\debug\main.obj
c:\users\lasak\desktop\oglproject\oglproject\debug\shader.obj
c:\users\lasak\desktop\oglproject\oglproject\debug\texture.obj
c:\users\lasak\desktop\oglproject\debug\oglproject.pdb
c:\users\lasak\desktop\oglproject\oglproject\debug\oglproject.tlog\cl.command.1.tlog
c:\users\lasak\desktop\oglproject\oglproject\debug\oglproject.tlog\cl.read.1.tlog
c:\users\lasak\desktop\oglproject\oglproject\debug\oglproject.tlog\cl.write.1.tlog
c:\users\lasak\desktop\oglproject\oglproject\debug\oglproject.tlog\link.13600-cvtres.read.1.tlog
c:\users\lasak\desktop\oglproject\oglproject\debug\oglproject.tlog\link.13600-cvtres.write.1.tlog
c:\users\lasak\desktop\oglproject\oglproject\debug\oglproject.tlog\link.13600-rc.read.1.tlog
c:\users\lasak\desktop\oglproject\oglproject\debug\oglproject.tlog\link.13600-rc.write.1.tlog
c:\users\lasak\desktop\oglproject\oglproject\debug\oglproject.tlog\link.13600.read.1.tlog
c:\users\lasak\desktop\oglproject\oglproject\debug\oglproject.tlog\link.13600.write.1.tlog
c:\users\lasak\desktop\oglproject\oglproject\debug\oglproject.tlog\link.command.1.tlog
c:\users\lasak\desktop\oglproject\oglproject\debug\oglproject.tlog\link.read.1.tlog
c:\users\lasak\desktop\oglproject\oglproject\debug\oglproject.tlog\link.write.1.tlog
