  main.cpp
  Controls.cpp
  Config.hpp
  Scene.cpp
  MyVector.cpp
  Model.cpp
  Mesh.cpp
  Flock.cpp
  Camera.cpp
  Boids.cpp
c:\users\adam\desktop\bachelorproject\oglproject\boids.cpp(24): warning C4244: 'initializing': conversion from 'double' to 'float', possible loss of data
  Generating Code...
LINK : warning LNK4098: defaultlib 'MSVCRT' conflicts with use of other libs; use /NODEFAULTLIB:library
SOIL.lib(stb_image_aug.obj) : warning LNK4099: PDB 'SOIL.pdb' was not found with 'SOIL.lib(stb_image_aug.obj)' or at 'C:\Users\adam\Desktop\BachelorProject\Debug\SOIL.pdb'; linking object as if no debug info
  OGLProject.vcxproj -> C:\Users\adam\Desktop\BachelorProject\Debug\OGLProject.exe
  OGLProject.vcxproj -> C:\Users\adam\Desktop\BachelorProject\Debug\OGLProject.pdb (Partial PDB)
  File not found - Win32.dll
  0 File(s) copied
  C:\Users\adam\Desktop\BachelorProject\packages\DevIL Windows SDK\lib\x86\Release\DevIL.dll
  1 File(s) copied
  C:\Users\adam\Desktop\BachelorProject\packages\DevIL Windows SDK\lib\x86\Release\ILU.dll
  1 File(s) copied
  C:\Users\adam\Desktop\BachelorProject\packages\DevIL Windows SDK\lib\x86\Release\ILUT.dll
  1 File(s) copied
  C:\Users\adam\Desktop\BachelorProject\packages\glew-2.1.0\bin\Release\Win32\glew32.dll
  1 File(s) copied
  C:\Users\adam\Desktop\BachelorProject\packages\glfw-3.2.1.bin.WIN32\lib-vc2015\glfw3.dll
  1 File(s) copied
  C:\Users\adam\Desktop\BachelorProject\packages\glfw-3.2.1.bin.WIN32\lib-vc2015\glfw3.dll
  1 File(s) copied
  C:\Users\adam\Desktop\BachelorProject\OGLProject\Models\bird\bird.obj
  C:\Users\adam\Desktop\BachelorProject\OGLProject\Models\cottage\test.mtl
  C:\Users\adam\Desktop\BachelorProject\OGLProject\Models\cottage\test.png
  C:\Users\adam\Desktop\BachelorProject\OGLProject\Models\cottage\test2.png
  C:\Users\adam\Desktop\BachelorProject\OGLProject\Models\cube\cube.mtl
  C:\Users\adam\Desktop\BachelorProject\OGLProject\Models\cube\cube.obj
  C:\Users\adam\Desktop\BachelorProject\OGLProject\Models\cube\surface - Copy.jpg
  C:\Users\adam\Desktop\BachelorProject\OGLProject\Models\cube\surface.jpg
  C:\Users\adam\Desktop\BachelorProject\OGLProject\Models\cube\untitled.blend
  C:\Users\adam\Desktop\BachelorProject\OGLProject\Models\cube\untitled.blend1
  C:\Users\adam\Desktop\BachelorProject\OGLProject\Models\cube_predator\cube.mtl
  C:\Users\adam\Desktop\BachelorProject\OGLProject\Models\cube_predator\cube.obj
  C:\Users\adam\Desktop\BachelorProject\OGLProject\Models\cube_predator\surface - Copy.jpg
  C:\Users\adam\Desktop\BachelorProject\OGLProject\Models\cube_predator\surface.jpg
  C:\Users\adam\Desktop\BachelorProject\OGLProject\Models\cube_predator\untitled.blend
  C:\Users\adam\Desktop\BachelorProject\OGLProject\Models\cube_predator\untitled.blend1
  C:\Users\adam\Desktop\BachelorProject\OGLProject\Models\surface\grass.jpg
  C:\Users\adam\Desktop\BachelorProject\OGLProject\Models\surface\surface.mtl
  C:\Users\adam\Desktop\BachelorProject\OGLProject\Models\surface\surface.obj
  C:\Users\adam\Desktop\BachelorProject\OGLProject\Models\surface\untitled.blend
  C:\Users\adam\Desktop\BachelorProject\OGLProject\Models\surface\untitled.blend1
  C:\Users\adam\Desktop\BachelorProject\OGLProject\Models\surface\untitled.mtl
  22 File(s) copied
  C:\Users\adam\Desktop\BachelorProject\OGLProject\config.cfg
  1 File(s) copied
  C:\Users\adam\Desktop\BachelorProject\OGLProject\FragmentShader.shader
  1 File(s) copied
  C:\Users\adam\Desktop\BachelorProject\OGLProject\VertexShader.shader
  1 File(s) copied
